17:58:07.103 [main] INFO  testCases.TC001_AccountRegistrationTest - **** Starting TC001 ****
17:58:07.263 [main] INFO  testCases.TC001_AccountRegistrationTest - **** Clicked on MyAccount Link ****
17:58:07.641 [main] INFO  testCases.TC001_AccountRegistrationTest - **** Clicked on Register Link ****
17:58:09.053 [main] INFO  testCases.TC001_AccountRegistrationTest - **** Validating expected message.. ****
17:58:09.103 [main] INFO  testCases.TC001_AccountRegistrationTest - **** Finishing TC001 ****
17:58:26.006 [main] INFO  org.testng.internal.Utils - [TestNG] Running:
  C:\Users\thang\eclipse-workspace\OpencartProjV2411\testng.xml

17:58:32.549 [main] INFO  testCases.TC001_AccountRegistrationTest - **** Starting TC001 ****
17:58:32.735 [main] INFO  testCases.TC001_AccountRegistrationTest - **** Clicked on MyAccount Link ****
17:58:33.121 [main] INFO  testCases.TC001_AccountRegistrationTest - **** Clicked on Register Link ****
17:58:34.363 [main] INFO  testCases.TC001_AccountRegistrationTest - **** Validating expected message.. ****
17:58:34.419 [main] INFO  testCases.TC001_AccountRegistrationTest - **** Finishing TC001 ****
18:23:03.587 [main] INFO  org.testng.internal.Utils - [TestNG] Running:
  C:\Users\thang\eclipse-workspace\OpencartProjV2411\crossbrowsertesting.xml

18:23:08.065 [main] INFO  testCases.TC001_AccountRegistrationTest - **** Starting TC001 ****
18:23:08.240 [main] INFO  testCases.TC001_AccountRegistrationTest - **** Clicked on MyAccount Link ****
18:23:08.613 [main] INFO  testCases.TC001_AccountRegistrationTest - **** Clicked on Register Link ****
18:23:10.183 [main] INFO  testCases.TC001_AccountRegistrationTest - **** Validating expected message.. ****
18:23:10.242 [main] INFO  testCases.TC001_AccountRegistrationTest - **** Finishing TC001 ****
18:23:14.464 [main] INFO  testCases.TC001_AccountRegistrationTest - **** Starting TC001 ****
18:23:14.663 [main] INFO  testCases.TC001_AccountRegistrationTest - **** Clicked on MyAccount Link ****
18:23:15.058 [main] INFO  testCases.TC001_AccountRegistrationTest - **** Clicked on Register Link ****
18:23:16.445 [main] INFO  testCases.TC001_AccountRegistrationTest - **** Validating expected message.. ****
18:23:16.516 [main] INFO  testCases.TC001_AccountRegistrationTest - **** Finishing TC001 ****
18:24:55.208 [main] INFO  org.testng.internal.Utils - [TestNG] Running:
  C:\Users\thang\eclipse-workspace\OpencartProjV2411\crossbrowsertesting.xml

18:24:59.743 [TestNG-tests-2] INFO  testCases.TC001_AccountRegistrationTest - **** Starting TC001 ****
18:24:59.937 [TestNG-tests-1] INFO  testCases.TC001_AccountRegistrationTest - **** Starting TC001 ****
18:24:59.954 [TestNG-tests-2] INFO  testCases.TC001_AccountRegistrationTest - **** Clicked on MyAccount Link ****
18:25:00.109 [TestNG-tests-1] INFO  testCases.TC001_AccountRegistrationTest - **** Clicked on MyAccount Link ****
18:25:00.579 [TestNG-tests-2] INFO  testCases.TC001_AccountRegistrationTest - **** Clicked on Register Link ****
18:25:00.914 [TestNG-tests-1] INFO  testCases.TC001_AccountRegistrationTest - **** Clicked on Register Link ****
18:25:06.715 [TestNG-tests-2] INFO  testCases.TC001_AccountRegistrationTest - **** Validating expected message.. ****
18:25:06.725 [TestNG-tests-1] INFO  testCases.TC001_AccountRegistrationTest - **** Validating expected message.. ****
18:25:06.796 [TestNG-tests-1] INFO  testCases.TC001_AccountRegistrationTest - **** Finishing TC001 ****
18:25:06.796 [TestNG-tests-2] INFO  testCases.TC001_AccountRegistrationTest - **** Finishing TC001 ****
13:11:24.594 [main] INFO  org.testng.internal.Utils - [Utils] MethodGroupsHelper.collectMethodsByGroup() took 1 ms.
13:11:24.602 [main] INFO  org.testng.internal.Utils - [Utils] MethodGroupsHelper.sortMethods() took 1 ms.
13:11:24.605 [main] INFO  org.testng.internal.Utils - [Utils] MethodGroupsHelper.collectMethodsByGroup() took 0 ms.
13:11:24.605 [main] INFO  org.testng.internal.Utils - [Utils] MethodGroupsHelper.sortMethods() took 0 ms.
13:11:24.606 [main] INFO  org.testng.internal.Utils - [Utils] MethodGroupsHelper.collectMethodsByGroup() took 0 ms.
13:11:24.607 [main] INFO  org.testng.internal.Utils - [Utils] MethodGroupsHelper.sortMethods() took 0 ms.
13:11:24.607 [main] INFO  org.testng.internal.Utils - [Utils] MethodGroupsHelper.collectMethodsByGroup() took 0 ms.
13:11:24.607 [main] INFO  org.testng.internal.Utils - [Utils] MethodGroupsHelper.sortMethods() took 0 ms.
13:11:24.616 [main] INFO  org.testng.internal.Utils - [Utils] MethodGroupsHelper.collectMethodsByGroup() took 5 ms.
13:11:24.626 [main] INFO  org.testng.internal.Utils - [Utils] MethodGroupsHelper.sortMethods() took 10 ms.
13:11:24.629 [main] INFO  org.testng.internal.Utils - [Utils] MethodGroupsHelper.collectMethodsByGroup() took 1 ms.
13:11:24.629 [main] INFO  org.testng.internal.Utils - [Utils] MethodGroupsHelper.sortMethods() took 0 ms.
13:11:24.630 [main] INFO  org.testng.internal.Utils - [Utils] MethodGroupsHelper.collectMethodsByGroup() took 0 ms.
